[    0.000000] Linux version 4.15.0-189-generic (buildd@lcy02-amd64-039) (gcc version 7.5.0 (Ubuntu 7.5.0-3ubuntu1~18.04)) #200-Ubuntu SMP Wed Jun 22 19:53:37 UTC 2022 (Ubuntu 4.15.0-189.200-generic 4.15.18)
[    0.000000] Command line: BOOT_IMAGE=/boot/vmlinuz-4.15.0-189-generic root=LABEL=cloudimg-rootfs ro console=tty1 console=ttyS0
[    0.000000] KERNEL supported cpus:
[    0.000000]   Intel GenuineIntel
[    0.000000]   AMD AuthenticAMD
[    0.000000]   Centaur CentaurHauls
[    0.000000] x86/fpu: x87 FPU will use FXSAVE
[    0.000000] e820: BIOS-provided physical RAM map:
[    0.000000] BIOS-e820: [mem 0x0000000000000000-0x000000000009fbff] usable
[    0.000000] BIOS-e820: [mem 0x000000000009fc00-0x000000000009ffff] reserved
[    0.000000] BIOS-e820: [mem 0x00000000000f0000-0x00000000000fffff] reserved
[    0.000000] BIOS-e820: [mem 0x0000000000100000-0x000000003ffeffff] usable
[    0.000000] BIOS-e820: [mem 0x000000003fff0000-0x000000003fffffff] ACPI data
[    0.000000] BIOS-e820: [mem 0x00000000fec00000-0x00000000fec00fff] reserved
[    0.000000] BIOS-e820: [mem 0x00000000fee00000-0x00000000fee00fff] reserved
[    0.000000] BIOS-e820: [mem 0x00000000fffc0000-0x00000000ffffffff] reserved
[    0.000000] NX (Execute Disable) protection: active
[    0.000000] SMBIOS 2.5 present.
[    0.000000] DMI: innotek GmbH VirtualBox/VirtualBox, BIOS VirtualBox 12/01/2006
[    0.000000] Hypervisor detected: KVM
[    0.000000] e820: last_pfn = 0x3fff0 max_arch_pfn = 0x400000000
[    0.000000] MTRR: Disabled
[    0.000000] x86/PAT: MTRRs disabled, skipping PAT initialization too.
[    0.000000] CPU MTRRs all blank - virtualized system.
[    0.000000] x86/PAT: Configuration [0-7]: WB  WT  UC- UC  WB  WT  UC- UC  
[    0.000000] found SMP MP-table at [mem 0x0009fff0-0x0009ffff]
[    0.000000] Scanning 1 areas for low memory corruption
[    0.000000] RAMDISK: [mem 0x359c7000-0x36cdafff]
[    0.000000] ACPI: Early table checksum verification disabled
[    0.000000] ACPI: RSDP 0x00000000000E0000 000024 (v02 VBOX  )
[    0.000000] ACPI: XSDT 0x000000003FFF0030 00003C (v01 VBOX   VBOXXSDT 00000001 ASL  00000061)
[    0.000000] ACPI: FACP 0x000000003FFF00F0 0000F4 (v04 VBOX   VBOXFACP 00000001 ASL  00000061)
[    0.000000] ACPI: DSDT 0x000000003FFF0470 002325 (v02 VBOX   VBOXBIOS 00000002 INTL 20100528)
[    0.000000] ACPI: FACS 0x000000003FFF0200 000040
[    0.000000] ACPI: FACS 0x000000003FFF0200 000040
[    0.000000] ACPI: APIC 0x000000003FFF0240 00005C (v02 VBOX   VBOXAPIC 00000001 ASL  00000061)
[    0.000000] ACPI: SSDT 0x000000003FFF02A0 0001CC (v01 VBOX   VBOXCPUT 00000002 INTL 20100528)
[    0.000000] ACPI: Reserving FACP table memory at [mem 0x3fff00f0-0x3fff01e3]
[    0.000000] ACPI: Reserving DSDT table memory at [mem 0x3fff0470-0x3fff2794]
[    0.000000] ACPI: Reserving FACS table memory at [mem 0x3fff0200-0x3fff023f]
[    0.000000] ACPI: Reserving FACS table memory at [mem 0x3fff0200-0x3fff023f]
[    0.000000] ACPI: Reserving APIC table memory at [mem 0x3fff0240-0x3fff029b]
[    0.000000] ACPI: Reserving SSDT table memory at [mem 0x3fff02a0-0x3fff046b]
[    0.000000] No NUMA configuration found
[    0.000000] Faking a node at [mem 0x0000000000000000-0x000000003ffeffff]
[    0.000000] NODE_DATA(0) allocated [mem 0x3ffc5000-0x3ffeffff]
[    0.000000] kvm-clock: cpu 0, msr 0:3ff44001, primary cpu clock
[    0.000000] kvm-clock: Using msrs 4b564d01 and 4b564d00
[    0.000000] kvm-clock: using sched offset of 4978452531 cycles
[    0.000000] clocksource: kvm-clock: mask: 0xffffffffffffffff max_cycles: 0x1cd42e4dffb, max_idle_ns: 881590591483 ns
[    0.000000] Zone ranges:
[    0.000000]   DMA      [mem 0x0000000000001000-0x0000000000ffffff]
[    0.000000]   DMA32    [mem 0x0000000001000000-0x000000003ffeffff]
[    0.000000]   Normal   empty
[    0.000000]   Device   empty
[    0.000000] Movable zone start for each node
[    0.000000] Early memory node ranges
[    0.000000]   node   0: [mem 0x0000000000001000-0x000000000009efff]
[    0.000000]   node   0: [mem 0x0000000000100000-0x000000003ffeffff]
[    0.000000] Reserved but unavailable: 104 pages
[    0.000000] Initmem setup node 0 [mem 0x0000000000001000-0x000000003ffeffff]
[    0.000000] ACPI: PM-Timer IO Port: 0x4008
[    0.000000] IOAPIC[0]: apic_id 2, version 32, address 0xfec00000, GSI 0-23
[    0.000000] ACPI: INT_SRC_OVR (bus 0 bus_irq 0 global_irq 2 dfl dfl)
[    0.000000] ACPI: INT_SRC_OVR (bus 0 bus_irq 9 global_irq 9 low level)
[    0.000000] Using ACPI (MADT) for SMP configuration information
[    0.000000] smpboot: Allowing 2 CPUs, 0 hotplug CPUs
[    0.000000] PM: Registered nosave memory: [mem 0x00000000-0x00000fff]
[    0.000000] PM: Registered nosave memory: [mem 0x0009f000-0x0009ffff]
[    0.000000] PM: Registered nosave memory: [mem 0x000a0000-0x000effff]
[    0.000000] PM: Registered nosave memory: [mem 0x000f0000-0x000fffff]
[    0.000000] e820: [mem 0x40000000-0xfebfffff] available for PCI devices
[    0.000000] Booting paravirtualized kernel on KVM
[    0.000000] clocksource: refined-jiffies: mask: 0xffffffff max_cycles: 0xffffffff, max_idle_ns: 7645519600211568 ns
[    0.000000] random: get_random_bytes called from start_kernel+0x99/0x500 with crng_init=0
[    0.000000] setup_percpu: NR_CPUS:8192 nr_cpumask_bits:2 nr_cpu_ids:2 nr_node_ids:1
[    0.000000] percpu: Embedded 50 pages/cpu s167936 r8192 d28672 u1048576
[    0.000000] PV qspinlock hash table entries: 256 (order: 0, 4096 bytes)
[    0.000000] Built 1 zonelists, mobility grouping on.  Total pages: 257913
[    0.000000] Policy zone: DMA32
[    0.000000] Kernel command line: BOOT_IMAGE=/boot/vmlinuz-4.15.0-189-generic root=LABEL=cloudimg-rootfs ro console=tty1 console=ttyS0
[    0.000000] Memory: 982640K/1048120K available (12300K kernel code, 2484K rwdata, 4324K rodata, 2468K init, 2724K bss, 65480K reserved, 0K cma-reserved)
[    0.000000] SLUB: HWalign=64, Order=0-3, MinObjects=0, CPUs=2, Nodes=1
[    0.000000] ftrace: allocating 39515 entries in 155 pages
[    0.004000] Hierarchical RCU implementation.
[    0.004000] 	RCU restricting CPUs from NR_CPUS=8192 to nr_cpu_ids=2.
[    0.004000] 	Tasks RCU enabled.
[    0.004000] RCU: Adjusting geometry for rcu_fanout_leaf=16, nr_cpu_ids=2
[    0.004000] NR_IRQS: 524544, nr_irqs: 440, preallocated irqs: 16
[    0.004000] Console: colour VGA+ 80x25
[    0.004000] console [tty1] enabled
[    0.004000] console [ttyS0] enabled
[    0.004000] ACPI: Core revision 20170831
[    0.004000] ACPI: 2 ACPI AML tables successfully acquired and loaded
[    0.004000] APIC: Switch to symmetric I/O mode setup
[    0.004000] ..TIMER: vector=0x30 apic1=0 pin1=2 apic2=-1 pin2=-1
[    0.004000] tsc: Detected 1689.599 MHz processor
[    0.004000] Calibrating delay loop (skipped) preset value.. 3379.19 BogoMIPS (lpj=6758396)
[    0.004000] pid_max: default: 32768 minimum: 301
[    0.004000] Security Framework initialized
[    0.004000] Yama: becoming mindful.
[    0.004000] AppArmor: AppArmor initialized
[    0.004000] Dentry cache hash table entries: 131072 (order: 8, 1048576 bytes)
[    0.004000] Inode-cache hash table entries: 65536 (order: 7, 524288 bytes)
[    0.004000] Mount-cache hash table entries: 2048 (order: 2, 16384 bytes)
[    0.004000] Mountpoint-cache hash table entries: 2048 (order: 2, 16384 bytes)
[    0.006080] Last level iTLB entries: 4KB 0, 2MB 0, 4MB 0
[    0.008000] Last level dTLB entries: 4KB 0, 2MB 0, 4MB 0, 1GB 0
[    0.008000] Spectre V1 : Mitigation: usercopy/swapgs barriers and __user pointer sanitization
[    0.008000] Spectre V2 : Mitigation: Enhanced IBRS
[    0.008000] Spectre V2 : Spectre v2 / SpectreRSB mitigation: Filling RSB on context switch
[    0.008000] Speculative Store Bypass: Vulnerable
[    0.008000] Freeing SMP alternatives memory: 36K
[    0.012000] APIC calibration not consistent with PM-Timer: 101ms instead of 100ms
[    0.012000] APIC delta adjusted to PM-Timer: 6268963 (6348509)
[    0.012000] smpboot: CPU0: 11th Gen Intel(R) Core(TM) i7-1165G7 @ 2.80GHz (family: 0x6, model: 0x8c, stepping: 0x1)
[    0.012000] Performance Events: unsupported p6 CPU model 140 no PMU driver, software events only.
[    0.012000] Hierarchical SRCU implementation.
[    0.012139] NMI watchdog: Perf event create on CPU 0 failed with -2
[    0.016000] NMI watchdog: Perf NMI watchdog permanently disabled
[    0.016000] smp: Bringing up secondary CPUs ...
[    0.016000] x86: Booting SMP configuration:
[    0.016000] .... node  #0, CPUs:      #1
[    0.004000] kvm-clock: cpu 1, msr 0:3ff44041, secondary cpu clock
[    0.020000] TSC synchronization [CPU#0 -> CPU#1]:
[    0.020000] Measured 37289 cycles TSC warp between CPUs, turning off TSC clock.
[    0.020000] tsc: Marking TSC unstable due to check_tsc_sync_source failed
[    0.024197] smp: Brought up 1 node, 2 CPUs
[    0.028000] smpboot: Max logical packages: 1
[    0.028000] smpboot: Total of 2 processors activated (6758.39 BogoMIPS)
[    0.032006] devtmpfs: initialized
[    0.036000] x86/mm: Memory block size: 128MB
[    0.036000] evm: security.selinux
[    0.036000] evm: security.SMACK64
[    0.036000] evm: security.SMACK64EXEC
[    0.036000] evm: security.SMACK64TRANSMUTE
[    0.036000] evm: security.SMACK64MMAP
[    0.036000] evm: security.apparmor
[    0.036000] evm: security.ima
[    0.036000] evm: security.capability
[    0.040302] clocksource: jiffies: mask: 0xffffffff max_cycles: 0xffffffff, max_idle_ns: 7645041785100000 ns
[    0.044000] futex hash table entries: 512 (order: 3, 32768 bytes)
[    0.044000] pinctrl core: initialized pinctrl subsystem
[    0.044000] RTC time: 21:22:17, date: 07/13/22
[    0.044000] NET: Registered protocol family 16
[    0.044000] audit: initializing netlink subsys (disabled)
[    0.044520] audit: type=2000 audit(1657747342.639:1): state=initialized audit_enabled=0 res=1
[    0.080056] cpuidle: using governor ladder
[    0.084000] cpuidle: using governor menu
[    0.084000] ACPI: bus type PCI registered
[    0.084000] acpiphp: ACPI Hot Plug PCI Controller Driver version: 0.5
[    0.084000] PCI: Using configuration type 1 for base access
[    0.093073] HugeTLB registered 2.00 MiB page size, pre-allocated 0 pages
[    0.100380] ACPI: Added _OSI(Module Device)
[    0.104000] ACPI: Added _OSI(Processor Device)
[    0.104000] ACPI: Added _OSI(3.0 _SCP Extensions)
[    0.104000] ACPI: Added _OSI(Processor Aggregator Device)
[    0.104000] ACPI: Added _OSI(Linux-Dell-Video)
[    0.104000] ACPI: Added _OSI(Linux-Lenovo-NV-HDMI-Audio)
[    0.104000] ACPI: Added _OSI(Linux-HPI-Hybrid-Graphics)
[    0.105198] ACPI: Executed 1 blocks of module-level executable AML code
[    0.114459] ACPI: Interpreter enabled
[    0.116000] ACPI: (supports S0 S5)
[    0.116000] ACPI: Using IOAPIC for interrupt routing
[    0.116634] PCI: Using host bridge windows from ACPI; if necessary, use "pci=nocrs" and report a bug
[    0.120000] ACPI: Enabled 2 GPEs in block 00 to 07
[    0.141204] ACPI: PCI Root Bridge [PCI0] (domain 0000 [bus 00-ff])
[    0.144000] acpi PNP0A03:00: _OSC: OS supports [ASPM ClockPM Segments MSI]
[    0.148268] acpi PNP0A03:00: _OSC: not requesting OS control; OS requires [ExtendedConfig ASPM ClockPM MSI]
[    0.152000] acpi PNP0A03:00: fail to add MMCONFIG information, can't access extended PCI configuration space under this bridge.
[    0.153323] PCI host bridge to bus 0000:00
[    0.156000] pci_bus 0000:00: root bus resource [io  0x0000-0x0cf7 window]
[    0.156000] pci_bus 0000:00: root bus resource [io  0x0d00-0xffff window]
[    0.156000] pci_bus 0000:00: root bus resource [mem 0x000a0000-0x000bffff window]
[    0.156000] pci_bus 0000:00: root bus resource [mem 0x40000000-0xfdffffff window]
[    0.156000] pci_bus 0000:00: root bus resource [bus 00-ff]
[    0.164000] pci 0000:00:01.1: legacy IDE quirk: reg 0x10: [io  0x01f0-0x01f7]
[    0.164000] pci 0000:00:01.1: legacy IDE quirk: reg 0x14: [io  0x03f6]
[    0.164000] pci 0000:00:01.1: legacy IDE quirk: reg 0x18: [io  0x0170-0x0177]
[    0.164000] pci 0000:00:01.1: legacy IDE quirk: reg 0x1c: [io  0x0376]
[    0.190609] pci 0000:00:07.0: quirk: [io  0x4000-0x403f] claimed by PIIX4 ACPI
[    0.192000] pci 0000:00:07.0: quirk: [io  0x4100-0x410f] claimed by PIIX4 SMB
[    0.207394] ACPI: PCI Interrupt Link [LNKA] (IRQs 5 9 10 *11)
[    0.208922] ACPI: PCI Interrupt Link [LNKB] (IRQs 5 9 *10 11)
[    0.212000] ACPI: PCI Interrupt Link [LNKC] (IRQs 5 *9 10 11)
[    0.212000] ACPI: PCI Interrupt Link [LNKD] (IRQs 5 9 10 *11)
[    0.212000] SCSI subsystem initialized
[    0.212465] pci 0000:00:02.0: vgaarb: setting as boot VGA device
[    0.216000] pci 0000:00:02.0: vgaarb: VGA device added: decodes=io+mem,owns=io+mem,locks=none
[    0.216000] pci 0000:00:02.0: vgaarb: bridge control possible
[    0.216000] vgaarb: loaded
[    0.216000] ACPI: bus type USB registered
[    0.216000] usbcore: registered new interface driver usbfs
[    0.216000] usbcore: registered new interface driver hub
[    0.216000] usbcore: registered new device driver usb
[    0.216434] EDAC MC: Ver: 3.0.0
[    0.224821] PCI: Using ACPI for IRQ routing
[    0.228562] NetLabel: Initializing
[    0.232000] NetLabel:  domain hash size = 128
[    0.232000] NetLabel:  protocols = UNLABELED CIPSOv4 CALIPSO
[    0.232000] NetLabel:  unlabeled traffic allowed by default
[    0.232716] clocksource: Switched to clocksource kvm-clock
[    0.236000] VFS: Disk quotas dquot_6.6.0
[    0.236000] VFS: Dquot-cache hash table entries: 512 (order 0, 4096 bytes)
[    0.236000] AppArmor: AppArmor Filesystem Enabled
[    0.236000] pnp: PnP ACPI init
[    0.349544] pnp: PnP ACPI: found 3 devices
[    0.440968] clocksource: acpi_pm: mask: 0xffffff max_cycles: 0xffffff, max_idle_ns: 2085701024 ns
[    0.444877] NET: Registered protocol family 2
[    0.444877] IP idents hash table entries: 16384 (order: 5, 131072 bytes)
[    0.444877] TCP established hash table entries: 8192 (order: 4, 65536 bytes)
[    0.481812] TCP bind hash table entries: 8192 (order: 5, 131072 bytes)
[    0.481812] TCP: Hash tables configured (established 8192 bind 8192)
[    0.481812] UDP hash table entries: 512 (order: 2, 16384 bytes)
[    0.481812] UDP-Lite hash table entries: 512 (order: 2, 16384 bytes)
[    0.481812] NET: Registered protocol family 1
[    0.481812] pci 0000:00:00.0: Limiting direct PCI/PCI transfers
[    0.481812] pci 0000:00:01.0: Activating ISA DMA hang workarounds
[    0.481812] pci 0000:00:02.0: Video device with shadowed ROM at [mem 0x000c0000-0x000dffff]
[    0.481812] Unpacking initramfs...
[    0.482373] Freeing initrd memory: 19536K
[    0.482373] clocksource: tsc: mask: 0xffffffffffffffff max_cycles: 0x185ac5ca321, max_idle_ns: 440795231783 ns
[    0.482373] platform rtc_cmos: registered platform RTC device (no PNP device found)
[    0.482373] Scanning for low memory corruption every 60 seconds
[    1.540201] Initialise system trusted keyrings
[    1.543261] Key type blacklist registered
[    1.543261] workingset: timestamp_bits=36 max_order=18 bucket_order=0
[    1.543261] zbud: loaded
[    1.580886] squashfs: version 4.0 (2009/01/31) Phillip Lougher
[    1.595694] fuse init (API version 7.26)
[    1.635215] Key type asymmetric registered
[    1.638981] Asymmetric key parser 'x509' registered
[    1.638981] Block layer SCSI generic (bsg) driver version 0.4 loaded (major 246)
[    1.663206] io scheduler noop registered
[    1.666796] io scheduler deadline registered
[    1.666796] io scheduler cfq registered (default)
[    1.691538] ACPI: AC Adapter [AC] (off-line)
[    1.694751] input: Power Button as /devices/LNXSYSTM:00/LNXPWRBN:00/input/input0
[    1.711149] ACPI: Power Button [PWRF]
[    1.714794] input: Sleep Button as /devices/LNXSYSTM:00/LNXSLPBN:00/input/input1
[    1.714794] ACPI: Sleep Button [SLPF]
[    1.743387] ACPI: Battery Slot [BAT0] (battery present)
[    1.753895] Serial: 8250/16550 driver, 32 ports, IRQ sharing enabled
[    1.796831] 00:02: ttyS0 at I/O 0x3f8 (irq = 4, base_baud = 115200) is a 16550A
[    1.840835] Linux agpgart interface v0.103
[    1.861365] loop: module loaded
[    1.870807] scsi host0: ata_piix
[    1.878518] scsi host1: ata_piix
[    1.882230] ata1: PATA max UDMA/33 cmd 0x1f0 ctl 0x3f6 bmdma 0xd000 irq 14
[    1.882230] ata2: PATA max UDMA/33 cmd 0x170 ctl 0x376 bmdma 0xd008 irq 15
[    1.882230] tun: Universal TUN/TAP device driver, 1.6
[    1.915203] PPP generic driver version 2.4.2
[    1.921369] ehci_hcd: USB 2.0 'Enhanced' Host Controller (EHCI) Driver
[    1.925190] ehci-pci: EHCI PCI platform driver
[    1.925190] ehci-platform: EHCI generic platform driver
[    1.925190] ohci_hcd: USB 1.1 'Open' Host Controller (OHCI) Driver
[    1.925190] ohci-pci: OHCI PCI platform driver
[    1.925190] ohci-platform: OHCI generic platform driver
[    1.925190] uhci_hcd: USB Universal Host Controller Interface driver
[    1.925190] i8042: PNP: PS/2 Controller [PNP0303:PS2K,PNP0f03:PS2M] at 0x60,0x64 irq 1,12
[    1.994375] serio: i8042 KBD port at 0x60,0x64 irq 1
[    1.995307] serio: i8042 AUX port at 0x60,0x64 irq 12
[    2.012452] mousedev: PS/2 mouse device common for all mice
[    2.027556] rtc_cmos rtc_cmos: rtc core: registered rtc_cmos as rtc0
[    2.028955] rtc_cmos rtc_cmos: alarms up to one day, 114 bytes nvram
[    2.028955] i2c /dev entries driver
[    2.028955] device-mapper: uevent: version 1.0.3
[    2.028955] device-mapper: ioctl: 4.37.0-ioctl (2017-09-20) initialised: dm-devel@redhat.com
[    2.124340] ledtrig-cpu: registered to indicate activity on CPUs
[    2.171821] NET: Registered protocol family 10
[    2.180215] input: AT Translated Set 2 keyboard as /devices/platform/i8042/serio0/input/input2
[    2.203155] Segment Routing with IPv6
[    2.207080] NET: Registered protocol family 17
[    2.214237] Key type dns_resolver registered
[    2.223058] mce: Using 0 MCE banks
[    2.226638] RAS: Correctable Errors collector initialized.
[    2.226638] sched_clock: Marking stable (2222638436, 0)->(4445741253, -2223102817)
[    2.252417] registered taskstats version 1
[    2.259300] Loading compiled-in X.509 certificates
[    2.276051] Loaded X.509 cert 'Build time autogenerated kernel key: 9c4811ffd453f4b0c13447eb15d717d926dfaff5'
[    2.294263] Loaded X.509 cert 'Canonical Ltd. Live Patch Signing: 14df34d1a87cf37625abec039ef2bf521249b969'
[    2.310542] Loaded X.509 cert 'Canonical Ltd. Kernel Module Signing: 88f752e560a1e0737e31163a466ad7b70a850c19'
[    2.325745] blacklist: Loading compiled-in revocation X.509 certificates
[    2.336682] Loaded X.509 cert 'Canonical Ltd. Secure Boot Signing: 61482aa2830d0ab2ad5af10b7250da9033ddcef0'
[    2.352535] zswap: loaded using pool lzo/zbud
[    2.377068] Key type big_key registered
[    2.382771] Key type trusted registered
[    2.393752] Key type encrypted registered
[    2.400037] AppArmor: AppArmor sha1 policy hashing enabled
[    2.407175] ima: No TPM chip found, activating TPM-bypass! (rc=-19)
[    2.418385] ima: Allocated hash algorithm: sha1
[    2.428429] evm: HMAC attrs: 0x1
[    2.438709]   Magic number: 14:35:399
[    2.448715] rtc_cmos rtc_cmos: setting system clock to 2022-07-13 21:22:20 UTC (1657747340)
[    2.469314] BIOS EDD facility v0.16 2004-Jun-25, 0 devices found
[    2.484274] EDD information not available.
[    2.501426] Freeing unused kernel image memory: 2468K
[    2.528180] Write protecting the kernel read-only data: 20480k
[    2.543423] Freeing unused kernel image memory: 2008K
[    2.555140] Freeing unused kernel image memory: 1820K
[    2.575081] x86/mm: Checked W+X mappings: passed, no W+X pages found.
Loading, please wait...
starting version 237
[    2.809688] e1000: Intel(R) PRO/1000 Network Driver - version 7.3.21-k8-NAPI
[    2.821547] e1000: Copyright (c) 1999-2006 Intel Corporation.
[    2.866425] Fusion MPT base driver 3.04.20
[    2.873126] Copyright (c) 1999-2008 LSI Corporation
[    2.910766] Fusion MPT SPI Host driver 3.04.20
[    3.264193] input: ImExPS/2 Generic Explorer Mouse as /devices/platform/i8042/serio1/input/input4
[    3.953101] e1000 0000:00:03.0 eth0: (PCI:33MHz:32-bit) 02:f2:d4:2b:e3:e3
[    3.964607] e1000 0000:00:03.0 eth0: Intel(R) PRO/1000 Network Connection
[    3.977408] mptbase: ioc0: Initiating bringup
[    4.104787] ioc0: LSI53C1030 A0: Capabilities={Initiator}
[    5.849657] scsi host2: ioc0: LSI53C1030 A0, FwRev=00000000h, Ports=1, MaxQ=256, IRQ=20
[    6.681491] scsi 2:0:0:0: Direct-Access     VBOX     HARDDISK         1.0  PQ: 0 ANSI: 5
[    6.729613] scsi target2:0:0: Beginning Domain Validation
[    6.795680] scsi target2:0:0: Domain Validation skipping write tests
[    6.806360] scsi target2:0:0: Ending Domain Validation
[    6.814504] scsi target2:0:0: asynchronous
[    6.826375] scsi 2:0:1:0: Direct-Access     VBOX     HARDDISK         1.0  PQ: 0 ANSI: 5
[    7.044405] scsi target2:0:1: Beginning Domain Validation
[    7.062591] scsi target2:0:1: Domain Validation skipping write tests
[    7.072715] scsi target2:0:1: Ending Domain Validation
[    7.082879] scsi target2:0:1: asynchronous
[    7.107301] random: fast init done
[    7.119065] sd 2:0:0:0: Attached scsi generic sg0 type 0
[    7.129233] sd 2:0:1:0: Attached scsi generic sg1 type 0
[    7.130318] random: systemd-udevd: uninitialized urandom read (16 bytes read)
[    7.149986] random: systemd-udevd: uninitialized urandom read (16 bytes read)
[    7.153275] sd 2:0:1:0: [sdb] 20480 512-byte logical blocks: (10.5 MB/10.0 MiB)
[    7.159971] random: systemd-udevd: uninitialized urandom read (16 bytes read)
[    7.182430] sd 2:0:1:0: [sdb] Write Protect is off
[    7.191447] sd 2:0:1:0: [sdb] Incomplete mode parameter data
[    7.200195] sd 2:0:1:0: [sdb] Assuming drive cache: write through
[    7.217239] sd 2:0:0:0: [sda] 83886080 512-byte logical blocks: (42.9 GB/40.0 GiB)
[    7.233064] sd 2:0:0:0: [sda] Write Protect is off
[    7.244177] sd 2:0:0:0: [sda] Incomplete mode parameter data
[    7.254409] sd 2:0:0:0: [sda] Assuming drive cache: write through
[    7.265202] sd 2:0:1:0: [sdb] Attached SCSI disk
[    7.274450]  sda: sda1
[    7.283651] sd 2:0:0:0: [sda] Attached SCSI disk
[    7.750348] e1000 0000:00:08.0 eth1: (PCI:33MHz:32-bit) 08:00:27:4e:0a:32
[    7.761693] e1000 0000:00:08.0 eth1: Intel(R) PRO/1000 Network Connection
[    7.782688] e1000 0000:00:08.0 enp0s8: renamed from eth1
[    7.801222] e1000 0000:00:03.0 enp0s3: renamed from eth0
Begin: Loading essential drivers ... [   15.868143] raid6: sse2x1   gen() 126117 MB/s
[   17.870032] raid6: sse2x1   xor() 86392 MB/s
[   19.883191] raid6: sse2x2   gen() 171607 MB/s
[   19.956471] raid6: sse2x2   xor()  5814 MB/s
[   20.010622] raid6: sse2x4   gen()  9308 MB/s
[   20.073640] raid6: sse2x4   xor()  4038 MB/s
[   20.079918] raid6: using algorithm sse2x2 gen() 171607 MB/s
[   20.091002] raid6: .... xor() 5814 MB/s, rmw enabled
[   20.104394] raid6: using ssse3x2 recovery algorithm
[   20.121823] xor: measuring software checksum speed
[   20.908769]    prefetch64-sse:  8620.000 MB/sec
[   21.904370]    generic_sse:  7509.000 MB/sec
[   21.914503] xor: using function: prefetch64-sse (8620.000 MB/sec)
[   21.933821] async_tx: api initialized (async)
done.
Begin: Running /scripts/init-premount ... done.
Begin: Mounting root file system ... Begin: Running /scripts/local-top ... done.
Begin: Running /scripts/local-premount ... [   22.086064] Btrfs loaded, crc32c=crc32c-intel
Scanning for Btrfs filesystems
done.
Warning: fsck not present, so skipping root file system
[   22.194348] EXT4-fs (sda1): mounted filesystem with ordered data mode. Opts: (null)
done.
Begin: Running /scripts/local-bottom ... done.
Begin: Running /scripts/init-bottom ... done.
[   22.574750] ip_tables: (C) 2000-2006 Netfilter Core Team
[   22.611232] systemd[1]: systemd 237 running in system mode. (+PAM +AUDIT +SELINUX +IMA +APPARMOR +SMACK +SYSVINIT +UTMP +LIBCRYPTSETUP +GCRYPT +GNUTLS +ACL +XZ +LZ4 +SECCOMP +BLKID +ELFUTILS +KMOD -IDN2 +IDN -PCRE2 default-hierarchy=hybrid)
[   22.645834] systemd[1]: Detected virtualization oracle.
[   22.654263] systemd[1]: Detected architecture x86-64.

Welcome to [1mUbuntu 18.04.6 LTS[0m!

[   22.722498] systemd[1]: Set hostname to <ubuntu>.
[   22.740074] systemd[1]: Initializing machine ID from random generator.
[   22.749340] systemd[1]: Installed transient /etc/machine-id file.
[   23.396891] systemd[1]: Created slice System Slice.
[[0;32m  OK  [0m] Created slice System Slice.
[   23.412419] systemd[1]: Reached target Swap.
[[0;32m  OK  [0m] Reached target Swap.
[   23.425831] systemd[1]: Listening on Journal Socket.
[[0;32m  OK  [0m] Listening on Journal Socket.
[   23.439073] systemd[1]: Mounting Huge Pages File System...
         Mounting Huge Pages File System...
         Starting Uncomplicated firewall...
[[0;32m  OK  [0m] Listening on Device-mapper event daemon FIFOs.
[[0;32m  OK  [0m] Listening on fsck to fsckd communication Socket.
[[0;32m  OK  [0m] Listening on Syslog Socket.
[[0;32m  OK  [0m] Listening on udev Kernel Socket.
[[0;32m  OK  [0m] Reached target User and Group Name Lookups.
[[0;32m  OK  [0m] Created slice system-serial\x2dgetty.slice.
         Starting Load Kernel Modules...
         Starting Set the console keyboard layout...
[[0;32m  OK  [0m] Started Forward Password Requests to Wall Directory Watch.
[[0;32m  OK  [0m] Reached target System Time Synchronized.
[[0;32m  OK  [0m] Listening on LVM2 metadata daemon socket.
[[0;32m  OK  [0m] Listening on Journal Socket (/dev/log).
[   23.522215] Loading iSCSI transport class v2.0-870.
[[0;32m  OK  [0m] Listening on Journal Audit Socket.
         Starting Journal Service...
[[0;32m  OK  [0m] Set up automount Arbitrary Executab…rmats File System Automount Point.
[[0;32m  OK  [0m] Listening on LVM2 poll daemon socket.
         Starting Monitoring of LVM2 mirrors…ng dmeventd or progress polling...
[[0;32m  OK  [0m] Listening on /dev/initctl Compatibility Named Pipe.
[[0;32m  OK  [0m] Listening on Network Service Netlink Socket.
[[0;32m  OK  [0m] Listening on udev Control Socket.
[[0;32m  OK  [0m] Created slice User and Session Slice.
[   23.623877] iscsi: registered transport (tcp)
[[0;32m  OK  [0m] Reached target Slices.
         Mounting Kernel Debug File System...
         Starting Create list of required st…ce nodes for the current kernel...
         Mounting POSIX Message Queue File System...
         Starting udev Coldplug all Devices...
         Starting File System Check on Root Device...
[[0;32m  OK  [0m] Mounted Huge Pages File System.
[[0;32m  OK  [0m] Started Uncomplicated firewall.
[[0;32m  OK  [0m] Mounted Kernel Debug File System.
[[0;32m  OK  [0m] Started Journal Service.
[[0;32m  OK  [0m] Mounted POSIX Message Queue File System.
[[0;32m  OK  [0m] Started Create list of required sta…vice nodes for the current kernel.
         Starting Create Static Device Nodes in /dev...
[[0;32m  OK  [0m] Started File System Check Daemon to report status.
[[0;32m  OK  [0m] Started udev Coldplug all Devices.
[[0;32m  OK  [0m] Started File System Check on Root Device.
         Starting Remount Root and Kernel File Systems...
[[0;32m  OK  [0m] Started Set the console keyboard layout.
[[0;32m  OK  [0m] Started Create Static Device Nodes in /dev.
[   23.977158] EXT4-fs (sda1): re-mounted. Opts: (null)
[[0;32m  OK  [0m] Started Remount Root and Kernel File Systems.
         Starting Load/Save Random Seed...
         Starting udev Kernel Device Manager...
         Starting Flush Journal to Persistent Storage...
[[0;32m  OK  [0m] Started Load/Save Random Seed.
[[0;32m  OK  [0m] Started LVM2 metadata daemon.
[   24.104126] systemd-journald[379]: Received request to flush runtime journal from PID 1
[[0;32m  OK  [0m] Started udev Kernel Device Manager.
[[0;32m  OK  [0m] Started Dispatch Password Requests to Console Directory Watch.
[[0;32m  OK  [0m] Reached target Local Encrypted Volumes.
[   24.819101] random: crng init done
[   24.825777] random: 7 urandom warning(s) missed due to ratelimiting
[[0;32m  OK  [0m] Started Monitoring of LVM2 mirrors,…sing dmeventd or progress polling.
[[0;32m  OK  [0m] Reached target Local File Systems (Pre).
[[0;32m  OK  [0m] Reached target Local File Systems.
         Starting Commit a transient machine-id on disk...
         Starting Tell Plymouth To Write Out Runtime Data...
[   25.902356] ACPI: Video Device [GFX0] (multi-head: yes  rom: no  post: no)
[   25.916536] input: Video Bus as /devices/LNXSYSTM:00/LNXSYBUS:00/PNP0A03:00/LNXVIDEO:00/input/input5
[   26.876878] iscsi: registered transport (iser)
[   26.886542] vgdrvHeartbeatInit: Setting up heartbeat to trigger every 2000 milliseconds
[   26.908581] input: Unspecified device as /devices/pci0000:00/0000:00:04.0/input/input6
[   26.921334] vboxguest: misc device minor 56, IRQ 20, I/O port d020, MMIO at 00000000f0400000 (size 0x400000)
         Starting ebtables ruleset management...
         Starting AppArmor initialization...
         Starting Set console font and keymap...
[[0;32m  OK  [0m] Started Load Kernel Modules.
[[0;32m  OK  [0m] Started Flush Journal to Persistent Storage.
[[0;32m  OK  [0m] Started Commit a transient machine-id on disk.
[[0;32m  OK  [0m] Started Tell Plymouth To Write Out Runtime Data.
[[0;32m  OK  [0m] Found device /dev/ttyS0.
         Starting Create Volatile Files and Directories...
         Starting Apply Kernel Variables...
         Mounting FUSE Control File System...
         Mounting Kernel Configuration File System...
[[0;32m  OK  [0m] Started Set console font and keymap.
[[0;32m  OK  [0m] Mounted FUSE Control File System.
[[0;32m  OK  [0m] Mounted Kernel Configuration File System.
[[0;32m  OK  [0m] Started Create Volatile Files and Directories.
         Starting Update UTMP about System Boot/Shutdown...
[[0;32m  OK  [0m] Started ebtables ruleset management.
[[0;32m  OK  [0m] Started Update UTMP about System Boot/Shutdown.
[[0;32m  OK  [0m] Listening on Load/Save RF Kill Switch Status /dev/rfkill Watch.
[[0;32m  OK  [0m] Started Apply Kernel Variables.
[[0;32m  OK  [0m] Started AppArmor initialization.
         Starting Initial cloud-init job (pre-networking)...
         Starting Load AppArmor profiles managed internally by snapd...
[[0;32m  OK  [0m] Started Load AppArmor profiles managed internally by snapd.
[   33.425657] cloud-init[512]: Cloud-init v. 22.2-0ubuntu1~18.04.3 running 'init-local' at Wed, 13 Jul 2022 21:22:50 +0000. Up 32.76 seconds.
[[0;32m  OK  [0m] Started Initial cloud-init job (pre-networking).
[[0;32m  OK  [0m] Reached target Network (Pre).
         Starting Network Service...
[[0;32m  OK  [0m] Started Network Service.
         Starting Wait for Network to be Configured...
         Starting Network Name Resolution...
[[0;32m  OK  [0m] Started Network Name Resolution.
[[0;32m  OK  [0m] Reached target Host and Network Name Lookups.
[[0;32m  OK  [0m] Reached target Network.
[[0;32m  OK  [0m] Started Wait for Network to be Configured.
         Starting Initial cloud-init job (metadata service crawler)...
[   36.353258] cloud-init[644]: Cloud-init v. 22.2-0ubuntu1~18.04.3 running 'init' at Wed, 13 Jul 2022 21:22:54 +0000. Up 36.06 seconds.
[   36.372045] cloud-init[644]: ci-info: ++++++++++++++++++++++++++++++++++++++Net device info+++++++++++++++++++++++++++++++++++++++
[   36.382625] cloud-init[644]: ci-info: +--------+-------+----------------------------+---------------+--------+-------------------+
[   36.390069] cloud-init[644]: ci-info: | Device |   Up  |          Address           |      Mask     | Scope  |     Hw-Address    |
[   36.406162] cloud-init[644]: ci-info: +--------+-------+----------------------------+---------------+--------+-------------------+
[   36.418588] cloud-init[644]: ci-info: | enp0s3 |  True |         10.0.2.15          | 255.255.255.0 | global | 02:f2:d4:2b:e3:e3 |
[   36.428886] cloud-init[644]: ci-info: | enp0s3 |  True | fe80::f2:d4ff:fe2b:e3e3/64 |       .       |  link  | 02:f2:d4:2b:e3:e3 |
[   36.442573] cloud-init[644]: ci-info: | enp0s8 | False |             .              |       .       |   .    | 08:00:27:4e:0a:32 |
[   36.455260] cloud-init[644]: ci-info: |   lo   |  True |         127.0.0.1          |   255.0.0.0   |  host  |         .         |
[   36.467557] cloud-init[644]: ci-info: |   lo   |  True |          ::1/128           |       .       |  host  |         .         |
[   36.477911] cloud-init[644]: ci-info: +--------+-------+----------------------------+---------------+--------+-------------------+
[   36.489517] cloud-init[644]: ci-info: ++++++++++++++++++++++++++++Route IPv4 info+++++++++++++++++++++++++++++
[   36.501979] cloud-init[644]: ci-info: +-------+-------------+----------+-----------------+-----------+-------+
[   36.524792] cloud-init[644]: ci-info: | Route | Destination | Gateway  |     Genmask     | Interface | Flags |
[   36.530672] cloud-init[644]: ci-info: +-------+-------------+----------+-----------------+-----------+-------+
[   36.546835] cloud-init[644]: ci-info: |   0   |   0.0.0.0   | 10.0.2.2 |     0.0.0.0     |   enp0s3  |   UG  |
[   36.556408] cloud-init[644]: ci-info: |   1   |   10.0.2.0  | 0.0.0.0  |  255.255.255.0  |   enp0s3  |   U   |
[   36.567146] cloud-init[644]: ci-info: |   2   |   10.0.2.2  | 0.0.0.0  | 255.255.255.255 |   enp0s3  |   UH  |
[   36.574343] cloud-init[644]: ci-info: +-------+-------------+----------+-----------------+-----------+-------+
[   36.580999] cloud-init[644]: ci-info: +++++++++++++++++++Route IPv6 info+++++++++++++++++++
[   36.588274] cloud-init[644]: ci-info: +-------+-------------+---------+-----------+-------+
[   36.594282] cloud-init[644]: ci-info: | Route | Destination | Gateway | Interface | Flags |
[   36.600822] cloud-init[644]: ci-info: +-------+-------------+---------+-----------+-------+
[   36.608485] cloud-init[644]: ci-info: |   1   |  fe80::/64  |    ::   |   enp0s3  |   U   |
[   36.614147] cloud-init[644]: ci-info: |   3   |    local    |    ::   |   enp0s3  |   U   |
[   36.620651] cloud-init[644]: ci-info: |   4   |   ff00::/8  |    ::   |   enp0s3  |   U   |
[   36.624868] cloud-init[644]: ci-info: +-------+-------------+---------+-----------+-------+
[   37.854937] cloud-init[644]: Generating public/private rsa key pair.
[   37.872940] cloud-init[644]: Your identification has been saved in /etc/ssh/ssh_host_rsa_key.
[   37.877234] cloud-init[644]: Your public key has been saved in /etc/ssh/ssh_host_rsa_key.pub.
[   37.882226] cloud-init[644]: The key fingerprint is:
[   37.885242] cloud-init[644]: SHA256:k9cYqk5V26FFGK8qF/paFBmZ18GxD5E0YMGojOH0Nk4 root@ubuntu-bionic
[[0;32m  OK  [0m] Started Initial cloud-init job (metadata service crawler).
[   37.947906] cloud-init[644]: The key's randomart image is:
[   37.959058] cloud-init[644]: +---[RSA 2048]----+
[   37.962067] [cloud-init[0;32m  OK  [0m[644]: ] |        .==OB+   |Reached target Cloud-config availability.

[   37.968745] [cloud-init[0;32m  OK  [0m[644]: ] |    o   +++o++   |Reached target System Initialization.

[   37.974476] cloud-init[644]: |   o = .o.o *    |
[[0;32m  OK  [0m] Started Ubuntu Advantage Timer for running repeated jobs.
[   37.983830] cloud-init[644]: |    o E  = X +   |
[   38.021001] cloud-init[644]: |     + .S * o .  |
[[0;32m  OK  [0m] Started ACPI Events Check.
[[0;32m  OK  [0m] Listening on cloud-init hotplug hook socket.
[[0;32m  OK  [0m] Started Discard unused blocks once a week.
[   38.039917] cloud-init[644]: |      .= =       |
         Starting LXD - unix socket.
[[0;32m  OK  [0m] Reached target Paths.
[[0;32m  OK  [0m] Started Daily apt download activities.
[[0;32m  OK  [0m] Started Message of the Day.
[[0;32m  OK  [0m] Started Daily Cleanup of Temporary Directories.
[[0;32m  OK  [0m] Listening on ACPID Listen Socket.
[[0;32m  OK  [0m] Started Daily apt upgrade and clean activities.
[   38.058973] cloud-init[644]: |      = +        |
[   38.093262] [cloud-init[0;32m  OK  [0m[644]: ] |     o =         |Reached target Timers.

[[0;32m  OK  [0m] Listening on UUID daemon activation socket.
[   38.093423] cloud-init[644]: |      o..        |
         Starting Socket activation for snappy daemon.
[[0;32m  OK  [0m] Listening on Open-iSCSI iscsid Socket.
[[0;32m  OK  [0m] Listening on D-Bus System Message Bus Socket.
[   38.110107] [cloud-init[0;32m  OK  [0m] Reached target Network is Online.
[644]: +----[SHA256]-----+
[   38.127660] [cloud-init[0;32m  OK  [0m[644]: ] Generating public/private dsa key pair.Reached target Remote File Systems (Pre).

[[   38.127748] [0;32m  OK  [0mcloud-init] [644]: Reached target Remote File Systems.Your identification has been saved in /etc/ssh/ssh_host_dsa_key.

         Starting Availability of block devices...
[   38.137568] cloud-init[644]: Your public key has been saved in /etc/ssh/ssh_host_dsa_key.pub.
[[0;32m  OK  [0m] Listening on LXD - unix socket.
[   38.155484] cloud-init[644]: The key fingerprint is:
[[0;32m  OK  [0m] Listening on Socket activation for snappy daemon.
[   38.157050] cloud-init[644]: SHA256:zsyavVNA+1HsZXy2H/UY2a9jvWIOrJRXNX6eGckPtwA root@ubuntu-bionic
[   38.165574] cloud-init[644]: The key's randomart image is:[
[0;32m  OK  [0m] Started Availability of block devices.
[   38.165729] cloud-init[644]: +---[DSA 1024]----+
[   38.173870] cloud-init[644]: |           . . o |
[[0;32m  OK  [0m] Reached target Sockets.
[   38.173995] cloud-init[644]: |        .   o * =|
[[0;32m  OK  [0m] Reached target Basic System.
[   38.178062] cloud-init[644]: |       . . E o B=|
[   38.187942] cloud-init[644]: |        o . o =o=|
[   38.201121] cloud-init[644]: |        So . o.B=|
[   38.205971] cloud-init[644]: |       =  = . =+X|
[   38.232897] [cloud-init[0;32m  OK  [0m[644]: ] |        =+ + . =+|Started FUSE filesystem for LXC.

[   38.233033] cloud-init[644]: |       +o o .o . |
[   38.242858]          cloud-initStarting Accounts Service...[644]: 
|      o o+  o..  |
[   38.251222] [cloud-init[0;32m  OK  [0m[644]: ] +----[SHA256]-----+Started D-Bus System Message Bus.

[   38.256101] cloud-init[644]: Generating public/private ecdsa key pair.
[   38.279526] cloud-init[644]: Your identification has been saved in /etc/ssh/ssh_host_ecdsa_key.
[   38.285303] cloud-init[644]: Your public key has been saved in /etc/ssh/ssh_host_ecdsa_key.pub.
[   38.294612] cloud-init[644]: The key fingerprint is:
[   38.297993] cloud-init[644]: SHA256:XKPwHRsXuHrUV3Jb1VD0TIO5BxeY0BA+w0azbjh6wxQ root@ubuntu-bionic
[   38.303628] cloud-init[644]: The key's randomart image is:
[   38.306494] cloud-init[644]: +---[ECDSA 256]---+
[   38.309302] cloud-init[644]: |           B* **O|
[   38.311935] cloud-init[644]: |          = oO.+B|
[   38.314948] cloud-init[644]: |      .  E=X. ++=|
[   38.316398] cloud-init[644]: |       + +B*+..o |
[   38.319901] cloud-init[644]: |        S*oo ..  |
[   38.325124] cloud-init[644]: |        = +      |
[   38.328794] cloud-init[644]: |       . =       |
[   38.332454] cloud-init[644]: |        . .      |
[   38.335882] cloud-init[644]: |                 |
[   38.342268] cloud-init[644]: +----[SHA256]-----+
[   38.345938] cloud-init[644]: Generating public/private ed25519 key pair.
[   38.350644] cloud-init[644]: Your identification has been saved in /etc/ssh/ssh_host_ed25519_key.
[   38.354953] cloud-init[644]: Your public key has been saved in /etc/ssh/ssh_host_ed25519_key.pub.
[   38.360936] cloud-init[644]: The key fingerprint is:
[   38.369163] cloud-init[644]: SHA256:zzE9qCXwAewkMcXzjID9fIBAtRSbpi0maw8JWaMruZ0 root@ubuntu-bionic
[   38.374914] cloud-init[644]: The key's randomart image is:
[   38.378610] cloud-init[644]: +--[ED25519 256]--+
[   38.383439] cloud-init[644]: | .o=*Bo          |
[   38.387866] cloud-init[644]: |  ..==*.         |
[   38.391794] cloud-init[644]: |  o =B.*.        |
[   38.395804] cloud-init[644]: | + =  =o+. o     |
[   38.399439] cloud-init[644]: |= + .  .S = o    |
[   38.412535] cloud-init[644]: |.*..     * o .   |
[   38.417140]          cloud-initStarting Permit User Sessions...[644]: 
|=+      . o      |
[   38.436814] cloud-init[644]: |ooo.             |
[   38.442144] cloud-init[644]: |. E.             |
[   38.444842] cloud-init[644]: +----[SHA256]-----+
[[0;32m  OK  [0m] Started irqbalance daemon.
         Starting Virtualbox guest utils...
         Starting Dispatcher daemon for systemd-networkd...
[[0;32m  OK  [0m] Started Deferred execution scheduler.
         Starting Login Service...
[[0;32m  OK  [0m] Started Regular background program processing daemon.
         Starting Snap Daemon...
         Starting LSB: Record successful boot for GRUB...
         Starting LSB: automatic crash report generation...
         Starting System Logging Service...
         Starting Pollinate to seed the pseudo random number generator...
         Starting LXD - container startup/shutdown...
[[0;32m  OK  [0m] Started Permit User Sessions.
[[0;32m  OK  [0m] Started Dispatcher daemon for systemd-networkd.
[[0;32m  OK  [0m] Started System Logging Service.
[[0;32m  OK  [0m] Started Login Service.
[[0;32m  OK  [0m] Started Unattended Upgrades Shutdown.
         Starting Authorization Manager...
         Starting Hold until boot process finishes up...
         Starting Terminate Plymouth Boot Screen...
[[0;32m  OK  [0m] Started Hold until boot process finishes up.
[[0;32m  OK  [0m] Started Terminate Plymouth Boot Screen.
[[0;32m  OK  [0m] Started Serial Getty on ttyS0.
         Starting Set console scheme...
[[0;32m  OK  [0m] Started LSB: automatic crash report generation.
[[0;32m  OK  [0m] Started Set console scheme.
[[0;32m  OK  [0m] Created slice system-getty.slice.
[[0;32m  OK  [0m] Started Getty on tty1.
[[0;32m  OK  [0m] Reached target Login Prompts.
[[0;32m  OK  [0m] Started Authorization Manager.
[[0;32m  OK  [0m] Started Accounts Service.
[[0;32m  OK  [0m] Started LSB: Record successful boot for GRUB.
[[0;32m  OK  [0m] Started Virtualbox guest utils.
[[0;32m  OK  [0m] Started LXD - container startup/shutdown.
[[0;32m  OK  [0m] Started Snap Daemon.
         Starting Wait until snapd is fully seeded...
         Starting Time & Date Service...
[[0;32m  OK  [0m] Started Time & Date Service.
[[0;32m  OK  [0m] Started Pollinate to seed the pseudo random number generator.
         Starting OpenBSD Secure Shell server...
[[0;32m  OK  [0m] Started OpenBSD Secure Shell server.
[[0;32m  OK  [0m] Created slice User Slice of vagrant.
         Starting User Manager for UID 1000...
[[0;32m  OK  [0m] Started Session 1 of user vagrant.
[[0;32m  OK  [0m] Started User Manager for UID 1000.
[[0;32m  OK  [0m] Started Wait until snapd is fully seeded.
         Starting Apply the settings specified in cloud-config...

Ubuntu 18.04.6 LTS ubuntu-bionic ttyS0

ubuntu-bionic login: [   46.794378] cloud-init[1459]: Cloud-init v. 22.2-0ubuntu1~18.04.3 running 'modules:config' at Wed, 13 Jul 2022 21:23:02 +0000. Up 44.71 seconds.
ci-info: no authorized SSH keys fingerprints found for user ubuntu.
<14>Jul 13 21:23:06 cloud-init: #############################################################
<14>Jul 13 21:23:06 cloud-init: -----BEGIN SSH HOST KEY FINGERPRINTS-----
<14>Jul 13 21:23:06 cloud-init: 1024 SHA256:zsyavVNA+1HsZXy2H/UY2a9jvWIOrJRXNX6eGckPtwA root@ubuntu-bionic (DSA)
<14>Jul 13 21:23:06 cloud-init: 256 SHA256:XKPwHRsXuHrUV3Jb1VD0TIO5BxeY0BA+w0azbjh6wxQ root@ubuntu-bionic (ECDSA)
<14>Jul 13 21:23:06 cloud-init: 256 SHA256:zzE9qCXwAewkMcXzjID9fIBAtRSbpi0maw8JWaMruZ0 root@ubuntu-bionic (ED25519)
<14>Jul 13 21:23:06 cloud-init: 2048 SHA256:k9cYqk5V26FFGK8qF/paFBmZ18GxD5E0YMGojOH0Nk4 root@ubuntu-bionic (RSA)
<14>Jul 13 21:23:06 cloud-init: -----END SSH HOST KEY FINGERPRINTS-----
<14>Jul 13 21:23:06 cloud-init: #############################################################
-----BEGIN SSH HOST KEY KEYS-----
ecdsa-sha2-nistp256 AAAAE2VjZHNhLXNoYTItbmlzdHAyNTYAAAAIbmlzdHAyNTYAAABBBCXJyw7y4a6tgU1QVTtOqM3jpgJhpAs18DgEmEK+4Yc0SN8VBi811eb1LRXP80GfRd+6/XKx/BjfEZ/O0A57hkU= root@ubuntu-bionic
ssh-ed25519 AAAAC3NzaC1lZDI1NTE5AAAAINQsBEGBizSj/7bdYPjMdz7mpxy2nqHg5qGHbrd+XkMF root@ubuntu-bionic
ssh-rsa AAAAB3NzaC1yc2EAAAADAQABAAABAQDPqZHIVlzo2oUg9/LJHGlM3JR8y0hqTSb/soAY9hT6uIplTKzEKwOchnbsTEnbtYuAtvX3/2UDVB5qSsI+zAtUNl1sVrRAUOH/AJZndHGIPvY/PwRsJTvErwr8oQIpWOBNMEyZhnqpH+mWb6sztkhegDJctRr2t6vOv1pGgnPc8QOe9nVw9ttT3pgPH9KNORRx/Sfefm9H/aKnz3a1SVjjlqfhwDSOOSQdJz7bsTqLgLkrya8YHqKX5SZRX7WEKUvYGCrDDtfONDwI0jGa5Mv5CyrNnlhQXg84A29Pv8OO557mN9PAnXl2ZnW9G+wk4RkAi/CWcmmpLTkvQpOdFi6B root@ubuntu-bionic
-----END SSH HOST KEY KEYS-----
[   48.379653] cloud-init[1607]: Cloud-init v. 22.2-0ubuntu1~18.04.3 running 'modules:final' at Wed, 13 Jul 2022 21:23:06 +0000. Up 48.03 seconds.
[   48.379834] cloud-init[1607]: Cloud-init v. 22.2-0ubuntu1~18.04.3 finished at Wed, 13 Jul 2022 21:23:06 +0000. Datasource DataSourceNoCloud [seed=/dev/sdb][dsmode=net].  Up 48.36 seconds
